<?xml version="1.0" encoding="UTF-8"?>
<testsuites>
  <testsuite name="Login" timestamp="2020-10-26T13:45:30" time="3.469" tests="1" failures="0" errors="1" skipped="0">
    <properties>
      <property name="specId" value="0"/>
      <property name="suiteName" value="Login"/>
      <property name="capabilities" value="chrome.86_0_4240_111.windows"/>
      <property name="file" value=".\TC_001_Login.js"/>
    </properties>
    <testcase classname="chrome.86_0_4240_111.windows.Login" name="Login_OK" time="3.468">
      <error message="[ERR] Lỗi cmnr: expected 1 to equal 2"/>
      <system-out>
        <![CDATA[
COMMAND: POST /session/0376c560847e73b2b6431acf7dc2fec2/url - {"url":"https://the-internet.herokuapp.com/login"}
RESULT: {"url":"https://the-internet.herokuapp.com/login"}
COMMAND: DELETE /session/0376c560847e73b2b6431acf7dc2fec2 - {}
RESULT: {}
]]>
      </system-out>
      <system-err>
        <![CDATA[
AssertionError: [ERR] Lỗi cmnr: expected 1 to equal 2
    at Context.<anonymous> (D:\Automation\automation-nodejs\TC_001_Login.js:4:22)
    at Context.executeSync (D:\Automation\automation-nodejs\node_modules\@wdio\sync\build\index.js:25:22)
    at D:\Automation\automation-nodejs\node_modules\@wdio\sync\build\index.js:46:68
]]>
      </system-err>
    </testcase>
  </testsuite>
</testsuites>